0 info it worked if it ends with ok
1 verbose cli [ 'C:\\Program Files\\nodejs\\node.exe',
1 verbose cli   'C:\\Program Files\\nodejs\\node_modules\\npm\\bin\\npm-cli.js',
1 verbose cli   'run',
1 verbose cli   'start' ]
2 info using npm@3.10.10
3 info using node@v6.11.5
4 verbose run-script [ 'prestart', 'start', 'poststart' ]
5 info lifecycle git-api-data@1.0.0~prestart: git-api-data@1.0.0
6 silly lifecycle git-api-data@1.0.0~prestart: no script for prestart, continuing
7 info lifecycle git-api-data@1.0.0~start: git-api-data@1.0.0
8 verbose lifecycle git-api-data@1.0.0~start: unsafe-perm in lifecycle true
9 verbose lifecycle git-api-data@1.0.0~start: PATH: C:\Program Files\nodejs\node_modules\npm\bin\node-gyp-bin;E:\Personal\Projects\ReactJS\GitApiSearch\node_modules\.bin;C:\ProgramData\Anaconda3;C:\ProgramData\Anaconda3\Library\mingw-w64\bin;C:\ProgramData\Anaconda3\Library\usr\bin;C:\ProgramData\Anaconda3\Library\bin;C:\ProgramData\Anaconda3\Scripts;C:\ProgramData\Oracle\Java\javapath;C:\Program Files (x86)\Intel\iCLS Client\;C:\Program Files\Intel\iCLS Client\;C:\Windows\system32;C:\Windows;C:\Windows\System32\Wbem;C:\Windows\System32\WindowsPowerShell\v1.0\;C:\Program Files (x86)\Intel\Intel(R) Management Engine Components\DAL;C:\Program Files\Intel\Intel(R) Management Engine Components\DAL;C:\Program Files (x86)\Intel\Intel(R) Management Engine Components\IPT;C:\Program Files\Intel\Intel(R) Management Engine Components\IPT;C:\Program Files (x86)\NVIDIA Corporation\PhysX\Common;C:\WINDOWS\system32;C:\WINDOWS;C:\WINDOWS\System32\Wbem;C:\WINDOWS\System32\WindowsPowerShell\v1.0\;C:\Program Files\nodejs\;C:\Program Files\Git\cmd;C:\Program Files (x86)\Skype\Phone\;C:\Program Files\TortoiseGit\bin;C:\Program Files\Java\jdk1.8.0_152\bin;C:\Users\saura\AppData\Local\Microsoft\WindowsApps;C:\Users\saura\AppData\Roaming\npm;C:\Program Files\Microsoft VS Code\bin;C:\Program Files\Docker Toolbox
10 verbose lifecycle git-api-data@1.0.0~start: CWD: E:\Personal\Projects\ReactJS\GitApiSearch
11 silly lifecycle git-api-data@1.0.0~start: Args: [ '/d /s /c',
11 silly lifecycle   'webpack-dev-server --config webpack.config.js --hot --open' ]
12 silly lifecycle git-api-data@1.0.0~start: Returned: code: 3221225786  signal: null
13 info lifecycle git-api-data@1.0.0~start: Failed to exec start script
14 verbose stack Error: git-api-data@1.0.0 start: `webpack-dev-server --config webpack.config.js --hot --open`
14 verbose stack Exit status 3221225786
14 verbose stack     at EventEmitter.<anonymous> (C:\Program Files\nodejs\node_modules\npm\lib\utils\lifecycle.js:255:16)
14 verbose stack     at emitTwo (events.js:106:13)
14 verbose stack     at EventEmitter.emit (events.js:191:7)
14 verbose stack     at ChildProcess.<anonymous> (C:\Program Files\nodejs\node_modules\npm\lib\utils\spawn.js:40:14)
14 verbose stack     at emitTwo (events.js:106:13)
14 verbose stack     at ChildProcess.emit (events.js:191:7)
14 verbose stack     at maybeClose (internal/child_process.js:920:16)
14 verbose stack     at Process.ChildProcess._handle.onexit (internal/child_process.js:230:5)
15 verbose pkgid git-api-data@1.0.0
16 verbose cwd E:\Personal\Projects\ReactJS\GitApiSearch
17 error Windows_NT 10.0.16299
18 error argv "C:\\Program Files\\nodejs\\node.exe" "C:\\Program Files\\nodejs\\node_modules\\npm\\bin\\npm-cli.js" "run" "start"
19 error node v6.11.5
20 error npm  v3.10.10
21 error code ELIFECYCLE
22 error git-api-data@1.0.0 start: `webpack-dev-server --config webpack.config.js --hot --open`
22 error Exit status 3221225786
23 error Failed at the git-api-data@1.0.0 start script 'webpack-dev-server --config webpack.config.js --hot --open'.
23 error Make sure you have the latest version of node.js and npm installed.
23 error If you do, this is most likely a problem with the git-api-data package,
23 error not with npm itself.
23 error Tell the author that this fails on your system:
23 error     webpack-dev-server --config webpack.config.js --hot --open
23 error You can get information on how to open an issue for this project with:
23 error     npm bugs git-api-data
23 error Or if that isn't available, you can get their info via:
23 error     npm owner ls git-api-data
23 error There is likely additional logging output above.
24 verbose exit [ 1, true ]
